The system is: Linux - 5.4.0-91-generic - x86_64
Compiling the CXX compiler identification source file "CMakeCXXCompilerId.cpp" succeeded.
Compiler: /usr/local/bin/c++ 
Build flags: 
Id flags:  

The output was:
0


Compilation of the CXX compiler identification source "CMakeCXXCompilerId.cpp" produced "a.out"

The CXX compiler identification is GNU, found in "/Project/ros_project/pypcl_ros-master/src/pyrosmsg/src/pybind11/build/CMakeFiles/3.16.0/CompilerIdCXX/a.out"

Determining if the CXX compiler works passed with the following output:
Change Dir: /Project/ros_project/pypcl_ros-master/src/pyrosmsg/src/pybind11/build/CMakeFiles/CMakeTmp

Run Build Command(s):/usr/bin/make cmTC_c0ad7/fast && /usr/bin/make -f CMakeFiles/cmTC_c0ad7.dir/build.make CMakeFiles/cmTC_c0ad7.dir/build
make[1]: Entering directory '/Project/ros_project/pypcl_ros-master/src/pyrosmsg/src/pybind11/build/CMakeFiles/CMakeTmp'
Building CXX object CMakeFiles/cmTC_c0ad7.dir/testCXXCompiler.cxx.o
/usr/local/bin/c++     -o CMakeFiles/cmTC_c0ad7.dir/testCXXCompiler.cxx.o -c /Project/ros_project/pypcl_ros-master/src/pyrosmsg/src/pybind11/build/CMakeFiles/CMakeTmp/testCXXCompiler.cxx
Linking CXX executable cmTC_c0ad7
/usr/local/bin/cmake -E cmake_link_script CMakeFiles/cmTC_c0ad7.dir/link.txt --verbose=1
/usr/local/bin/c++       CMakeFiles/cmTC_c0ad7.dir/testCXXCompiler.cxx.o  -o cmTC_c0ad7 
make[1]: Leaving directory '/Project/ros_project/pypcl_ros-master/src/pyrosmsg/src/pybind11/build/CMakeFiles/CMakeTmp'



Detecting CXX compiler ABI info compiled with the following output:
Change Dir: /Project/ros_project/pypcl_ros-master/src/pyrosmsg/src/pybind11/build/CMakeFiles/CMakeTmp

Run Build Command(s):/usr/bin/make cmTC_66416/fast && /usr/bin/make -f CMakeFiles/cmTC_66416.dir/build.make CMakeFiles/cmTC_66416.dir/build
make[1]: Entering directory '/Project/ros_project/pypcl_ros-master/src/pyrosmsg/src/pybind11/build/CMakeFiles/CMakeTmp'
Building CXX object CMakeFiles/cmTC_66416.dir/CMakeCXXCompilerABI.cpp.o
/usr/local/bin/c++    -v -o CMakeFiles/cmTC_66416.dir/CMakeCXXCompilerABI.cpp.o -c /usr/local/share/cmake-3.16/Modules/CMakeCXXCompilerABI.cpp
Using built-in specs.
COLLECT_GCC=/usr/local/bin/c++
Target: x86_64-unknown-linux-gnu
Configured with: ../gcc-5.4.0/configure --enable-checking=release --enable-languages=c,c++ --disable-multilib
Thread model: posix
gcc version 5.4.0 (GCC) 
COLLECT_GCC_OPTIONS='-v' '-o' 'CMakeFiles/cmTC_66416.dir/CMakeCXXCompilerABI.cpp.o' '-c' '-shared-libgcc' '-mtune=generic' '-march=x86-64'
 /usr/local/libexec/gcc/x86_64-unknown-linux-gnu/5.4.0/cc1plus -quiet -v -imultiarch x86_64-linux-gnu -D_GNU_SOURCE /usr/local/share/cmake-3.16/Modules/CMakeCXXCompilerABI.cpp -quiet -dumpbase CMakeCXXCompilerABI.cpp -mtune=generic -march=x86-64 -auxbase-strip CMakeFiles/cmTC_66416.dir/CMakeCXXCompilerABI.cpp.o -version -o /tmp/ccQZPfyp.s
GNU C++ (GCC) version 5.4.0 (x86_64-unknown-linux-gnu)
	compiled by GNU C version 5.4.0, GMP version 4.3.2, MPFR version 2.4.2, MPC version 0.8.1
GGC heuristics: --param ggc-min-expand=100 --param ggc-min-heapsize=131072
ignoring nonexistent directory "/usr/local/include/x86_64-linux-gnu"
ignoring nonexistent directory "/usr/local/lib/gcc/x86_64-unknown-linux-gnu/5.4.0/../../../../x86_64-unknown-linux-gnu/include"
#include "..." search starts here:
#include <...> search starts here:
 /usr/local/lib/gcc/x86_64-unknown-linux-gnu/5.4.0/../../../../include/c++/5.4.0
 /usr/local/lib/gcc/x86_64-unknown-linux-gnu/5.4.0/../../../../include/c++/5.4.0/x86_64-unknown-linux-gnu
 /usr/local/lib/gcc/x86_64-unknown-linux-gnu/5.4.0/../../../../include/c++/5.4.0/backward
 /usr/local/lib/gcc/x86_64-unknown-linux-gnu/5.4.0/include
 /usr/local/include
 /usr/local/lib/gcc/x86_64-unknown-linux-gnu/5.4.0/include-fixed
 /usr/include/x86_64-linux-gnu
 /usr/include
End of search list.
GNU C++ (GCC) version 5.4.0 (x86_64-unknown-linux-gnu)
	compiled by GNU C version 5.4.0, GMP version 4.3.2, MPFR version 2.4.2, MPC version 0.8.1
GGC heuristics: --param ggc-min-expand=100 --param ggc-min-heapsize=131072
Compiler executable checksum: b3f7f23aa0c1c76d0ffc45d4ec10ccb6
COLLECT_GCC_OPTIONS='-v' '-o' 'CMakeFiles/cmTC_66416.dir/CMakeCXXCompilerABI.cpp.o' '-c' '-shared-libgcc' '-mtune=generic' '-march=x86-64'
 as -v --64 -o CMakeFiles/cmTC_66416.dir/CMakeCXXCompilerABI.cpp.o /tmp/ccQZPfyp.s
GNU assembler version 2.30 (x86_64-linux-gnu) using BFD version (GNU Binutils for Ubuntu) 2.30
COMPILER_PATH=/usr/local/libexec/gcc/x86_64-unknown-linux-gnu/5.4.0/:/usr/local/libexec/gcc/x86_64-unknown-linux-gnu/5.4.0/:/usr/local/libexec/gcc/x86_64-unknown-linux-gnu/:/usr/local/lib/gcc/x86_64-unknown-linux-gnu/5.4.0/:/usr/local/lib/gcc/x86_64-unknown-linux-gnu/
LIBRARY_PATH=/usr/local/lib/gcc/x86_64-unknown-linux-gnu/5.4.0/:/usr/local/lib/gcc/x86_64-unknown-linux-gnu/5.4.0/../../../../lib64/:/lib/x86_64-linux-gnu/:/lib/../lib64/:/usr/lib/x86_64-linux-gnu/:/usr/lib/../lib64/:/usr/local/lib/gcc/x86_64-unknown-linux-gnu/5.4.0/../../../:/lib/:/usr/lib/
COLLECT_GCC_OPTIONS='-v' '-o' 'CMakeFiles/cmTC_66416.dir/CMakeCXXCompilerABI.cpp.o' '-c' '-shared-libgcc' '-mtune=generic' '-march=x86-64'
Linking CXX executable cmTC_66416
/usr/local/bin/cmake -E cmake_link_script CMakeFiles/cmTC_66416.dir/link.txt --verbose=1
/usr/local/bin/c++      -v CMakeFiles/cmTC_66416.dir/CMakeCXXCompilerABI.cpp.o  -o cmTC_66416 
Using built-in specs.
COLLECT_GCC=/usr/local/bin/c++
COLLECT_LTO_WRAPPER=/usr/local/libexec/gcc/x86_64-unknown-linux-gnu/5.4.0/lto-wrapper
Target: x86_64-unknown-linux-gnu
Configured with: ../gcc-5.4.0/configure --enable-checking=release --enable-languages=c,c++ --disable-multilib
Thread model: posix
gcc version 5.4.0 (GCC) 
COMPILER_PATH=/usr/local/libexec/gcc/x86_64-unknown-linux-gnu/5.4.0/:/usr/local/libexec/gcc/x86_64-unknown-linux-gnu/5.4.0/:/usr/local/libexec/gcc/x86_64-unknown-linux-gnu/:/usr/local/lib/gcc/x86_64-unknown-linux-gnu/5.4.0/:/usr/local/lib/gcc/x86_64-unknown-linux-gnu/
LIBRARY_PATH=/usr/local/lib/gcc/x86_64-unknown-linux-gnu/5.4.0/:/usr/local/lib/gcc/x86_64-unknown-linux-gnu/5.4.0/../../../../lib64/:/lib/x86_64-linux-gnu/:/lib/../lib64/:/usr/lib/x86_64-linux-gnu/:/usr/lib/../lib64/:/usr/local/lib/gcc/x86_64-unknown-linux-gnu/5.4.0/../../../:/lib/:/usr/lib/
COLLECT_GCC_OPTIONS='-v' '-o' 'cmTC_66416' '-shared-libgcc' '-mtune=generic' '-march=x86-64'
 /usr/local/libexec/gcc/x86_64-unknown-linux-gnu/5.4.0/collect2 -plugin /usr/local/libexec/gcc/x86_64-unknown-linux-gnu/5.4.0/liblto_plugin.so -plugin-opt=/usr/local/libexec/gcc/x86_64-unknown-linux-gnu/5.4.0/lto-wrapper -plugin-opt=-fresolution=/tmp/ccxIn5qo.res -plugin-opt=-pass-through=-lgcc_s -plugin-opt=-pass-through=-lgcc -plugin-opt=-pass-through=-lc -plugin-opt=-pass-through=-lgcc_s -plugin-opt=-pass-through=-lgcc --eh-frame-hdr -m elf_x86_64 -dynamic-linker /lib64/ld-linux-x86-64.so.2 -o cmTC_66416 /usr/lib/x86_64-linux-gnu/crt1.o /usr/lib/x86_64-linux-gnu/crti.o /usr/local/lib/gcc/x86_64-unknown-linux-gnu/5.4.0/crtbegin.o -L/usr/local/lib/gcc/x86_64-unknown-linux-gnu/5.4.0 -L/usr/local/lib/gcc/x86_64-unknown-linux-gnu/5.4.0/../../../../lib64 -L/lib/x86_64-linux-gnu -L/lib/../lib64 -L/usr/lib/x86_64-linux-gnu -L/usr/lib/../lib64 -L/usr/local/lib/gcc/x86_64-unknown-linux-gnu/5.4.0/../../.. CMakeFiles/cmTC_66416.dir/CMakeCXXCompilerABI.cpp.o -lstdc++ -lm -lgcc_s -lgcc -lc -lgcc_s -lgcc /usr/local/lib/gcc/x86_64-unknown-linux-gnu/5.4.0/crtend.o /usr/lib/x86_64-linux-gnu/crtn.o
make[1]: Leaving directory '/Project/ros_project/pypcl_ros-master/src/pyrosmsg/src/pybind11/build/CMakeFiles/CMakeTmp'



Parsed CXX implicit include dir info from above output: rv=done
  found start of include info
  found start of implicit include info
    add: [/usr/local/lib/gcc/x86_64-unknown-linux-gnu/5.4.0/../../../../include/c++/5.4.0]
    add: [/usr/local/lib/gcc/x86_64-unknown-linux-gnu/5.4.0/../../../../include/c++/5.4.0/x86_64-unknown-linux-gnu]
    add: [/usr/local/lib/gcc/x86_64-unknown-linux-gnu/5.4.0/../../../../include/c++/5.4.0/backward]
    add: [/usr/local/lib/gcc/x86_64-unknown-linux-gnu/5.4.0/include]
    add: [/usr/local/include]
    add: [/usr/local/lib/gcc/x86_64-unknown-linux-gnu/5.4.0/include-fixed]
    add: [/usr/include/x86_64-linux-gnu]
    add: [/usr/include]
  end of search list found
  collapse include dir [/usr/local/lib/gcc/x86_64-unknown-linux-gnu/5.4.0/../../../../include/c++/5.4.0] ==> [/usr/local/include/c++/5.4.0]
  collapse include dir [/usr/local/lib/gcc/x86_64-unknown-linux-gnu/5.4.0/../../../../include/c++/5.4.0/x86_64-unknown-linux-gnu] ==> [/usr/local/include/c++/5.4.0/x86_64-unknown-linux-gnu]
  collapse include dir [/usr/local/lib/gcc/x86_64-unknown-linux-gnu/5.4.0/../../../../include/c++/5.4.0/backward] ==> [/usr/local/include/c++/5.4.0/backward]
  collapse include dir [/usr/local/lib/gcc/x86_64-unknown-linux-gnu/5.4.0/include] ==> [/usr/local/lib/gcc/x86_64-unknown-linux-gnu/5.4.0/include]
  collapse include dir [/usr/local/include] ==> [/usr/local/include]
  collapse include dir [/usr/local/lib/gcc/x86_64-unknown-linux-gnu/5.4.0/include-fixed] ==> [/usr/local/lib/gcc/x86_64-unknown-linux-gnu/5.4.0/include-fixed]
  collapse include dir [/usr/include/x86_64-linux-gnu] ==> [/usr/include/x86_64-linux-gnu]
  collapse include dir [/usr/include] ==> [/usr/include]
  implicit include dirs: [/usr/local/include/c++/5.4.0;/usr/local/include/c++/5.4.0/x86_64-unknown-linux-gnu;/usr/local/include/c++/5.4.0/backward;/usr/local/lib/gcc/x86_64-unknown-linux-gnu/5.4.0/include;/usr/local/include;/usr/local/lib/gcc/x86_64-unknown-linux-gnu/5.4.0/include-fixed;/usr/include/x86_64-linux-gnu;/usr/include]


Parsed CXX implicit link information from above output:
  link line regex: [^( *|.*[/\])(ld|CMAKE_LINK_STARTFILE-NOTFOUND|([^/\]+-)?ld|collect2)[^/\]*( |$)]
  ignore line: [Change Dir: /Project/ros_project/pypcl_ros-master/src/pyrosmsg/src/pybind11/build/CMakeFiles/CMakeTmp]
  ignore line: []
  ignore line: [Run Build Command(s):/usr/bin/make cmTC_66416/fast && /usr/bin/make -f CMakeFiles/cmTC_66416.dir/build.make CMakeFiles/cmTC_66416.dir/build]
  ignore line: [make[1]: Entering directory '/Project/ros_project/pypcl_ros-master/src/pyrosmsg/src/pybind11/build/CMakeFiles/CMakeTmp']
  ignore line: [Building CXX object CMakeFiles/cmTC_66416.dir/CMakeCXXCompilerABI.cpp.o]
  ignore line: [/usr/local/bin/c++    -v -o CMakeFiles/cmTC_66416.dir/CMakeCXXCompilerABI.cpp.o -c /usr/local/share/cmake-3.16/Modules/CMakeCXXCompilerABI.cpp]
  ignore line: [Using built-in specs.]
  ignore line: [COLLECT_GCC=/usr/local/bin/c++]
  ignore line: [Target: x86_64-unknown-linux-gnu]
  ignore line: [Configured with: ../gcc-5.4.0/configure --enable-checking=release --enable-languages=c c++ --disable-multilib]
  ignore line: [Thread model: posix]
  ignore line: [gcc version 5.4.0 (GCC) ]
  ignore line: [COLLECT_GCC_OPTIONS='-v' '-o' 'CMakeFiles/cmTC_66416.dir/CMakeCXXCompilerABI.cpp.o' '-c' '-shared-libgcc' '-mtune=generic' '-march=x86-64']
  ignore line: [ /usr/local/libexec/gcc/x86_64-unknown-linux-gnu/5.4.0/cc1plus -quiet -v -imultiarch x86_64-linux-gnu -D_GNU_SOURCE /usr/local/share/cmake-3.16/Modules/CMakeCXXCompilerABI.cpp -quiet -dumpbase CMakeCXXCompilerABI.cpp -mtune=generic -march=x86-64 -auxbase-strip CMakeFiles/cmTC_66416.dir/CMakeCXXCompilerABI.cpp.o -version -o /tmp/ccQZPfyp.s]
  ignore line: [GNU C++ (GCC) version 5.4.0 (x86_64-unknown-linux-gnu)]
  ignore line: [	compiled by GNU C version 5.4.0  GMP version 4.3.2  MPFR version 2.4.2  MPC version 0.8.1]
  ignore line: [GGC heuristics: --param ggc-min-expand=100 --param ggc-min-heapsize=131072]
  ignore line: [ignoring nonexistent directory "/usr/local/include/x86_64-linux-gnu"]
  ignore line: [ignoring nonexistent directory "/usr/local/lib/gcc/x86_64-unknown-linux-gnu/5.4.0/../../../../x86_64-unknown-linux-gnu/include"]
  ignore line: [#include "..." search starts here:]
  ignore line: [#include <...> search starts here:]
  ignore line: [ /usr/local/lib/gcc/x86_64-unknown-linux-gnu/5.4.0/../../../../include/c++/5.4.0]
  ignore line: [ /usr/local/lib/gcc/x86_64-unknown-linux-gnu/5.4.0/../../../../include/c++/5.4.0/x86_64-unknown-linux-gnu]
  ignore line: [ /usr/local/lib/gcc/x86_64-unknown-linux-gnu/5.4.0/../../../../include/c++/5.4.0/backward]
  ignore line: [ /usr/local/lib/gcc/x86_64-unknown-linux-gnu/5.4.0/include]
  ignore line: [ /usr/local/include]
  ignore line: [ /usr/local/lib/gcc/x86_64-unknown-linux-gnu/5.4.0/include-fixed]
  ignore line: [ /usr/include/x86_64-linux-gnu]
  ignore line: [ /usr/include]
  ignore line: [End of search list.]
  ignore line: [GNU C++ (GCC) version 5.4.0 (x86_64-unknown-linux-gnu)]
  ignore line: [	compiled by GNU C version 5.4.0  GMP version 4.3.2  MPFR version 2.4.2  MPC version 0.8.1]
  ignore line: [GGC heuristics: --param ggc-min-expand=100 --param ggc-min-heapsize=131072]
  ignore line: [Compiler executable checksum: b3f7f23aa0c1c76d0ffc45d4ec10ccb6]
  ignore line: [COLLECT_GCC_OPTIONS='-v' '-o' 'CMakeFiles/cmTC_66416.dir/CMakeCXXCompilerABI.cpp.o' '-c' '-shared-libgcc' '-mtune=generic' '-march=x86-64']
  ignore line: [ as -v --64 -o CMakeFiles/cmTC_66416.dir/CMakeCXXCompilerABI.cpp.o /tmp/ccQZPfyp.s]
  ignore line: [GNU assembler version 2.30 (x86_64-linux-gnu) using BFD version (GNU Binutils for Ubuntu) 2.30]
  ignore line: [COMPILER_PATH=/usr/local/libexec/gcc/x86_64-unknown-linux-gnu/5.4.0/:/usr/local/libexec/gcc/x86_64-unknown-linux-gnu/5.4.0/:/usr/local/libexec/gcc/x86_64-unknown-linux-gnu/:/usr/local/lib/gcc/x86_64-unknown-linux-gnu/5.4.0/:/usr/local/lib/gcc/x86_64-unknown-linux-gnu/]
  ignore line: [LIBRARY_PATH=/usr/local/lib/gcc/x86_64-unknown-linux-gnu/5.4.0/:/usr/local/lib/gcc/x86_64-unknown-linux-gnu/5.4.0/../../../../lib64/:/lib/x86_64-linux-gnu/:/lib/../lib64/:/usr/lib/x86_64-linux-gnu/:/usr/lib/../lib64/:/usr/local/lib/gcc/x86_64-unknown-linux-gnu/5.4.0/../../../:/lib/:/usr/lib/]
  ignore line: [COLLECT_GCC_OPTIONS='-v' '-o' 'CMakeFiles/cmTC_66416.dir/CMakeCXXCompilerABI.cpp.o' '-c' '-shared-libgcc' '-mtune=generic' '-march=x86-64']
  ignore line: [Linking CXX executable cmTC_66416]
  ignore line: [/usr/local/bin/cmake -E cmake_link_script CMakeFiles/cmTC_66416.dir/link.txt --verbose=1]
  ignore line: [/usr/local/bin/c++      -v CMakeFiles/cmTC_66416.dir/CMakeCXXCompilerABI.cpp.o  -o cmTC_66416 ]
  ignore line: [Using built-in specs.]
  ignore line: [COLLECT_GCC=/usr/local/bin/c++]
  ignore line: [COLLECT_LTO_WRAPPER=/usr/local/libexec/gcc/x86_64-unknown-linux-gnu/5.4.0/lto-wrapper]
  ignore line: [Target: x86_64-unknown-linux-gnu]
  ignore line: [Configured with: ../gcc-5.4.0/configure --enable-checking=release --enable-languages=c c++ --disable-multilib]
  ignore line: [Thread model: posix]
  ignore line: [gcc version 5.4.0 (GCC) ]
  ignore line: [COMPILER_PATH=/usr/local/libexec/gcc/x86_64-unknown-linux-gnu/5.4.0/:/usr/local/libexec/gcc/x86_64-unknown-linux-gnu/5.4.0/:/usr/local/libexec/gcc/x86_64-unknown-linux-gnu/:/usr/local/lib/gcc/x86_64-unknown-linux-gnu/5.4.0/:/usr/local/lib/gcc/x86_64-unknown-linux-gnu/]
  ignore line: [LIBRARY_PATH=/usr/local/lib/gcc/x86_64-unknown-linux-gnu/5.4.0/:/usr/local/lib/gcc/x86_64-unknown-linux-gnu/5.4.0/../../../../lib64/:/lib/x86_64-linux-gnu/:/lib/../lib64/:/usr/lib/x86_64-linux-gnu/:/usr/lib/../lib64/:/usr/local/lib/gcc/x86_64-unknown-linux-gnu/5.4.0/../../../:/lib/:/usr/lib/]
  ignore line: [COLLECT_GCC_OPTIONS='-v' '-o' 'cmTC_66416' '-shared-libgcc' '-mtune=generic' '-march=x86-64']
  link line: [ /usr/local/libexec/gcc/x86_64-unknown-linux-gnu/5.4.0/collect2 -plugin /usr/local/libexec/gcc/x86_64-unknown-linux-gnu/5.4.0/liblto_plugin.so -plugin-opt=/usr/local/libexec/gcc/x86_64-unknown-linux-gnu/5.4.0/lto-wrapper -plugin-opt=-fresolution=/tmp/ccxIn5qo.res -plugin-opt=-pass-through=-lgcc_s -plugin-opt=-pass-through=-lgcc -plugin-opt=-pass-through=-lc -plugin-opt=-pass-through=-lgcc_s -plugin-opt=-pass-through=-lgcc --eh-frame-hdr -m elf_x86_64 -dynamic-linker /lib64/ld-linux-x86-64.so.2 -o cmTC_66416 /usr/lib/x86_64-linux-gnu/crt1.o /usr/lib/x86_64-linux-gnu/crti.o /usr/local/lib/gcc/x86_64-unknown-linux-gnu/5.4.0/crtbegin.o -L/usr/local/lib/gcc/x86_64-unknown-linux-gnu/5.4.0 -L/usr/local/lib/gcc/x86_64-unknown-linux-gnu/5.4.0/../../../../lib64 -L/lib/x86_64-linux-gnu -L/lib/../lib64 -L/usr/lib/x86_64-linux-gnu -L/usr/lib/../lib64 -L/usr/local/lib/gcc/x86_64-unknown-linux-gnu/5.4.0/../../.. CMakeFiles/cmTC_66416.dir/CMakeCXXCompilerABI.cpp.o -lstdc++ -lm -lgcc_s -lgcc -lc -lgcc_s -lgcc /usr/local/lib/gcc/x86_64-unknown-linux-gnu/5.4.0/crtend.o /usr/lib/x86_64-linux-gnu/crtn.o]
    arg [/usr/local/libexec/gcc/x86_64-unknown-linux-gnu/5.4.0/collect2] ==> ignore
    arg [-plugin] ==> ignore
    arg [/usr/local/libexec/gcc/x86_64-unknown-linux-gnu/5.4.0/liblto_plugin.so] ==> ignore
    arg [-plugin-opt=/usr/local/libexec/gcc/x86_64-unknown-linux-gnu/5.4.0/lto-wrapper] ==> ignore
    arg [-plugin-opt=-fresolution=/tmp/ccxIn5qo.res] ==> ignore
    arg [-plugin-opt=-pass-through=-lgcc_s] ==> ignore
    arg [-plugin-opt=-pass-through=-lgcc] ==> ignore
    arg [-plugin-opt=-pass-through=-lc] ==> ignore
    arg [-plugin-opt=-pass-through=-lgcc_s] ==> ignore
    arg [-plugin-opt=-pass-through=-lgcc] ==> ignore
    arg [--eh-frame-hdr] ==> ignore
    arg [-m] ==> ignore
    arg [elf_x86_64] ==> ignore
    arg [-dynamic-linker] ==> ignore
    arg [/lib64/ld-linux-x86-64.so.2] ==> ignore
    arg [-o] ==> ignore
    arg [cmTC_66416] ==> ignore
    arg [/usr/lib/x86_64-linux-gnu/crt1.o] ==> ignore
    arg [/usr/lib/x86_64-linux-gnu/crti.o] ==> ignore
    arg [/usr/local/lib/gcc/x86_64-unknown-linux-gnu/5.4.0/crtbegin.o] ==> ignore
    arg [-L/usr/local/lib/gcc/x86_64-unknown-linux-gnu/5.4.0] ==> dir [/usr/local/lib/gcc/x86_64-unknown-linux-gnu/5.4.0]
    arg [-L/usr/local/lib/gcc/x86_64-unknown-linux-gnu/5.4.0/../../../../lib64] ==> dir [/usr/local/lib/gcc/x86_64-unknown-linux-gnu/5.4.0/../../../../lib64]
    arg [-L/lib/x86_64-linux-gnu] ==> dir [/lib/x86_64-linux-gnu]
    arg [-L/lib/../lib64] ==> dir [/lib/../lib64]
    arg [-L/usr/lib/x86_64-linux-gnu] ==> dir [/usr/lib/x86_64-linux-gnu]
    arg [-L/usr/lib/../lib64] ==> dir [/usr/lib/../lib64]
    arg [-L/usr/local/lib/gcc/x86_64-unknown-linux-gnu/5.4.0/../../..] ==> dir [/usr/local/lib/gcc/x86_64-unknown-linux-gnu/5.4.0/../../..]
    arg [CMakeFiles/cmTC_66416.dir/CMakeCXXCompilerABI.cpp.o] ==> ignore
    arg [-lstdc++] ==> lib [stdc++]
    arg [-lm] ==> lib [m]
    arg [-lgcc_s] ==> lib [gcc_s]
    arg [-lgcc] ==> lib [gcc]
    arg [-lc] ==> lib [c]
    arg [-lgcc_s] ==> lib [gcc_s]
    arg [-lgcc] ==> lib [gcc]
    arg [/usr/local/lib/gcc/x86_64-unknown-linux-gnu/5.4.0/crtend.o] ==> ignore
    arg [/usr/lib/x86_64-linux-gnu/crtn.o] ==> ignore
  collapse library dir [/usr/local/lib/gcc/x86_64-unknown-linux-gnu/5.4.0] ==> [/usr/local/lib/gcc/x86_64-unknown-linux-gnu/5.4.0]
  collapse library dir [/usr/local/lib/gcc/x86_64-unknown-linux-gnu/5.4.0/../../../../lib64] ==> [/usr/local/lib64]
  collapse library dir [/lib/x86_64-linux-gnu] ==> [/lib/x86_64-linux-gnu]
  collapse library dir [/lib/../lib64] ==> [/lib64]
  collapse library dir [/usr/lib/x86_64-linux-gnu] ==> [/usr/lib/x86_64-linux-gnu]
  collapse library dir [/usr/lib/../lib64] ==> [/usr/lib64]
  collapse library dir [/usr/local/lib/gcc/x86_64-unknown-linux-gnu/5.4.0/../../..] ==> [/usr/local/lib]
  implicit libs: [stdc++;m;gcc_s;gcc;c;gcc_s;gcc]
  implicit dirs: [/usr/local/lib/gcc/x86_64-unknown-linux-gnu/5.4.0;/usr/local/lib64;/lib/x86_64-linux-gnu;/lib64;/usr/lib/x86_64-linux-gnu;/usr/lib64;/usr/local/lib]
  implicit fwks: []


Performing C++ SOURCE FILE Test HAS_FLTO succeeded with the following output:
Change Dir: /Project/ros_project/pypcl_ros-master/src/pyrosmsg/src/pybind11/build/CMakeFiles/CMakeTmp

Run Build Command(s):/usr/bin/make cmTC_fa6af/fast && /usr/bin/make -f CMakeFiles/cmTC_fa6af.dir/build.make CMakeFiles/cmTC_fa6af.dir/build
make[1]: Entering directory '/Project/ros_project/pypcl_ros-master/src/pyrosmsg/src/pybind11/build/CMakeFiles/CMakeTmp'
Building CXX object CMakeFiles/cmTC_fa6af.dir/src.cxx.o
/usr/local/bin/c++    -DHAS_FLTO   -flto -fno-fat-lto-objects -o CMakeFiles/cmTC_fa6af.dir/src.cxx.o -c /Project/ros_project/pypcl_ros-master/src/pyrosmsg/src/pybind11/build/CMakeFiles/CMakeTmp/src.cxx
Linking CXX executable cmTC_fa6af
/usr/local/bin/cmake -E cmake_link_script CMakeFiles/cmTC_fa6af.dir/link.txt --verbose=1
/usr/local/bin/c++   -DHAS_FLTO    CMakeFiles/cmTC_fa6af.dir/src.cxx.o  -o cmTC_fa6af  -flto 
make[1]: Leaving directory '/Project/ros_project/pypcl_ros-master/src/pyrosmsg/src/pybind11/build/CMakeFiles/CMakeTmp'


Source file was:
int main() { return 0; }
